2025-11-09 15:54:28,230 - utils.logger - INFO - Logging configured with level: INFO
2025-11-09 15:54:28,230 - utils.logger - INFO - Logging to file: logs/app.log
2025-11-09 15:54:28,240 - main - INFO - DPDC OpenSTEF application started successfully
2025-11-09 15:58:41,600 - services.model_service - INFO - Training data starting hour: DatetimeIndex(['2023-01-01 06:00:00+00:00'], dtype='datetime64[ns, UTC]', name='date_time', freq=None)
2025-11-09 15:58:41,600 - services.model_service - INFO - Training data ending hour: DatetimeIndex(['2025-06-15 23:00:00+00:00'], dtype='datetime64[ns, UTC]', name='date_time', freq=None)
2025-11-09 15:58:41,609 - services.model_service - INFO - Directory structure './trained_models/after_refact_01/' created successfully.
2025-11-09 15:59:09,424 - routes.train_model - INFO - Training initiated successfully for xgb model with name 'after_refact_01'
2025-11-09 16:20:03,492 - routes.forecast - INFO - Forecast request - Model: after_refact_01, Date: 2025-11-09, Hour: 3
2025-11-09 16:20:03,723 - services.model_service - INFO - Test data starting hour: DatetimeIndex(['2025-06-16 00:00:00+00:00'], dtype='datetime64[ns, UTC]', name='date_time', freq=None)
2025-11-09 16:20:03,724 - services.model_service - INFO - Test data ending hour: DatetimeIndex(['2025-06-16 23:00:00+00:00'], dtype='datetime64[ns, UTC]', name='date_time', freq=None)
2025-11-09 16:20:06,817 - services.model_service - INFO - Forecast results:
                              forecast   tAhead      stdev  quantile_P10  \
date_time                                                                  
2025-06-16 00:00:00+00:00  1438.170776 -3514.25  48.599542   1375.887957   
2025-06-16 01:00:00+00:00  1332.635132 -3513.25  43.672545   1276.666514   
2025-06-16 02:00:00+00:00  1302.587646 -3512.25  35.502773   1257.089012   
2025-06-16 03:00:00+00:00  1306.065430 -3511.25  38.168952   1257.149949   
2025-06-16 04:00:00+00:00  1327.954956 -3510.25  39.847830   1276.887908   
...                                ...      ...        ...           ...   
2025-09-29 19:00:00+00:00  1846.911377  -975.25  51.964431   1780.316279   
2025-09-29 20:00:00+00:00  1809.678589  -974.25  48.758637   1747.191882   
2025-09-29 21:00:00+00:00  1793.781982  -973.25  53.467300   1725.260881   
2025-09-29 22:00:00+00:00  1782.980469  -972.25  47.645657   1721.920102   
2025-09-29 23:00:00+00:00  1768.987671  -971.25  42.940213   1713.957573   

                           quantile_P50  quantile_P90  pid   customer  \
date_time                                                               
2025-06-16 00:00:00+00:00   1438.170776   1500.453595  101  xgb_poc_1   
2025-06-16 01:00:00+00:00   1332.635132   1388.603750  101  xgb_poc_1   
2025-06-16 02:00:00+00:00   1302.587646   1348.086281  101  xgb_poc_1   
2025-06-16 03:00:00+00:00   1306.065430   1354.980910  101  xgb_poc_1   
2025-06-16 04:00:00+00:00   1327.954956   1379.022005  101  xgb_poc_1   
...                                 ...           ...  ...        ...   
2025-09-29 19:00:00+00:00   1846.911377   1913.506475  101  xgb_poc_1   
2025-09-29 20:00:00+00:00   1809.678589   1872.165296  101  xgb_poc_1   
2025-09-29 21:00:00+00:00   1793.781982   1862.303084  101  xgb_poc_1   
2025-09-29 22:00:00+00:00   1782.980469   1844.040835  101  xgb_poc_1   
2025-09-29 23:00:00+00:00   1768.987671   1824.017769  101  xgb_poc_1   

                          description    type  \
date_time                                       
2025-06-16 00:00:00+00:00        None  demand   
2025-06-16 01:00:00+00:00        None  demand   
2025-06-16 02:00:00+00:00        None  demand   
2025-06-16 03:00:00+00:00        None  demand   
2025-06-16 04:00:00+00:00        None  demand   
...                               ...     ...   
2025-09-29 19:00:00+00:00        None  demand   
2025-09-29 20:00:00+00:00        None  demand   
2025-09-29 21:00:00+00:00        None  demand   
2025-09-29 22:00:00+00:00        None  demand   
2025-09-29 23:00:00+00:00        None  demand   

                                                                     algtype  
date_time                                                                     
2025-06-16 00:00:00+00:00  /D:/cyrus/gigs/openstef/openstef-poc/dpdc_open...  
2025-06-16 01:00:00+00:00  /D:/cyrus/gigs/openstef/openstef-poc/dpdc_open...  
2025-06-16 02:00:00+00:00  /D:/cyrus/gigs/openstef/openstef-poc/dpdc_open...  
2025-06-16 03:00:00+00:00  /D:/cyrus/gigs/openstef/openstef-poc/dpdc_open...  
2025-06-16 04:00:00+00:00  /D:/cyrus/gigs/openstef/openstef-poc/dpdc_open...  
...                                                                      ...  
2025-09-29 19:00:00+00:00  /D:/cyrus/gigs/openstef/openstef-poc/dpdc_open...  
2025-09-29 20:00:00+00:00  /D:/cyrus/gigs/openstef/openstef-poc/dpdc_open...  
2025-09-29 21:00:00+00:00  /D:/cyrus/gigs/openstef/openstef-poc/dpdc_open...  
2025-09-29 22:00:00+00:00  /D:/cyrus/gigs/openstef/openstef-poc/dpdc_open...  
2025-09-29 23:00:00+00:00  /D:/cyrus/gigs/openstef/openstef-poc/dpdc_open...  

[2544 rows x 11 columns]
2025-11-09 16:20:06,821 - routes.forecast - INFO - Forecast completed successfully for model: after_refact_01
2025-11-10 09:46:45,282 - main - INFO - DPDC OpenSTEF application shutting down
2025-11-10 10:53:15,990 - utils.logger - INFO - Logging configured with level: INFO
2025-11-10 10:53:15,990 - utils.logger - INFO - Logging to file: logs/app.log
2025-11-10 10:53:16,002 - main - INFO - DPDC OpenSTEF application started successfully
2025-11-10 16:23:34,049 - main - INFO - DPDC OpenSTEF application shutting down
2025-11-10 16:23:54,019 - utils.logger - INFO - Logging configured with level: INFO
2025-11-10 16:23:54,019 - utils.logger - INFO - Logging to file: logs/app.log
2025-11-10 16:23:54,031 - main - INFO - DPDC OpenSTEF application started successfully
2025-11-10 16:24:25,638 - services.model_service - INFO - Training data starting hour: DatetimeIndex(['2023-01-01 06:00:00+00:00'], dtype='datetime64[ns, UTC]', name='date_time', freq=None)
2025-11-10 16:24:25,640 - services.model_service - INFO - Training data ending hour: DatetimeIndex(['2025-06-14 23:00:00+00:00'], dtype='datetime64[ns, UTC]', name='date_time', freq=None)
2025-11-10 16:24:25,640 - services.model_service - INFO - Training data filtered from 2023-01-01 to 2025-06-14
2025-11-10 16:24:25,646 - services.model_service - INFO - Directory structure './trained_models/xgb_tst_102/' created successfully.
2025-11-10 16:24:54,210 - routes.train_model - INFO - Training initiated successfully for xgb model with name 'xgb_tst_102' using data from 2023-01-01 to 2025-06-14
2025-11-10 16:33:30,190 - main - INFO - DPDC OpenSTEF application shutting down
2025-11-10 16:33:56,680 - utils.logger - INFO - Logging configured with level: INFO
2025-11-10 16:33:56,680 - utils.logger - INFO - Logging to file: logs/app.log
2025-11-10 16:34:22,576 - utils.logger - INFO - Logging configured with level: INFO
2025-11-10 16:34:22,576 - utils.logger - INFO - Logging to file: logs/app.log
2025-11-10 16:34:44,017 - utils.logger - INFO - Logging configured with level: INFO
2025-11-10 16:34:44,018 - utils.logger - INFO - Logging to file: logs/app.log
2025-11-10 16:35:21,654 - routes.forecast - INFO - Forecast request - Model: after_refact_01, Date: 2025-06-14, Hour: 5
2025-11-10 16:36:16,338 - utils.logger - INFO - Logging configured with level: INFO
2025-11-10 16:36:16,338 - utils.logger - INFO - Logging to file: logs/app.log
2025-11-10 16:36:18,666 - routes.forecast - INFO - Forecast request - Model: after_refact_01, Date: 2025-06-14, Hour: 5
2025-11-10 16:36:18,878 - services.model_service - INFO - Test data starting hour: DatetimeIndex(['2025-06-14 06:00:00+00:00'], dtype='datetime64[ns, UTC]', name='date_time', freq=None)
2025-11-10 16:36:18,883 - services.model_service - INFO - Test data ending hour: DatetimeIndex(['2025-06-15 05:00:00+00:00'], dtype='datetime64[ns, UTC]', name='date_time', freq=None)
2025-11-10 16:36:21,661 - services.model_service - INFO - Forecast results:
                              forecast  tAhead        stdev  ...  description    type                                            algtype
date_time                                                    ...                                                                        
2025-06-14 06:00:00+00:00  1291.956421 -3580.5    41.866606  ...         None  demand  /D:/cyrus/gigs/openstef/openstef-poc/dpdc_open...
2025-06-14 07:00:00+00:00  1136.096191 -3579.5    85.318634  ...         None  demand  /D:/cyrus/gigs/openstef/openstef-poc/dpdc_open...
2025-06-14 08:00:00+00:00  1091.801392 -3578.5    65.545463  ...         None  demand  /D:/cyrus/gigs/openstef/openstef-poc/dpdc_open...
2025-06-14 09:00:00+00:00  1037.760986 -3577.5  1149.674692  ...         None  demand  /D:/cyrus/gigs/openstef/openstef-poc/dpdc_open...
2025-06-14 10:00:00+00:00  1044.165283 -3576.5    50.185869  ...         None  demand  /D:/cyrus/gigs/openstef/openstef-poc/dpdc_open...
...                                ...     ...          ...  ...          ...     ...                                                ...
2025-09-29 19:00:00+00:00  1846.911377  -999.5    51.964431  ...         None  demand  /D:/cyrus/gigs/openstef/openstef-poc/dpdc_open...
2025-09-29 20:00:00+00:00  1809.678589  -998.5    48.758637  ...         None  demand  /D:/cyrus/gigs/openstef/openstef-poc/dpdc_open...
2025-09-29 21:00:00+00:00  1793.781982  -997.5    53.467300  ...         None  demand  /D:/cyrus/gigs/openstef/openstef-poc/dpdc_open...
2025-09-29 22:00:00+00:00  1782.980469  -996.5    47.645657  ...         None  demand  /D:/cyrus/gigs/openstef/openstef-poc/dpdc_open...
2025-09-29 23:00:00+00:00  1768.987671  -995.5    42.940213  ...         None  demand  /D:/cyrus/gigs/openstef/openstef-poc/dpdc_open...

[2586 rows x 11 columns]
2025-11-10 16:36:21,661 - routes.forecast - INFO - Forecast completed successfully for model: after_refact_01
2025-11-10 16:45:43,411 - utils.logger - INFO - Logging configured with level: INFO
2025-11-10 16:45:43,411 - utils.logger - INFO - Logging to file: logs/app.log
2025-11-10 16:46:18,862 - routes.forecast - INFO - Forecast request - Model: after_refact_01, Date: 2025-06-14, Hour: 5
2025-11-10 16:47:11,072 - utils.logger - INFO - Logging configured with level: INFO
2025-11-10 16:47:11,072 - utils.logger - INFO - Logging to file: logs/app.log
2025-11-10 16:47:14,395 - routes.forecast - INFO - Forecast request - Model: after_refact_01, Date: 2025-06-14, Hour: 5
2025-11-10 16:47:14,605 - services.model_service - INFO - Test data starting hour: DatetimeIndex(['2025-06-14 05:00:00+00:00'], dtype='datetime64[ns, UTC]', name='date_time', freq=None)
2025-11-10 16:47:14,605 - services.model_service - INFO - Test data ending hour: DatetimeIndex(['2025-06-15 04:00:00+00:00'], dtype='datetime64[ns, UTC]', name='date_time', freq=None)
2025-11-10 16:47:17,309 - services.model_service - INFO - Forecast results:
                              forecast   tAhead        stdev  ...  description    type                                            algtype
date_time                                                     ...                                                                        
2025-06-14 05:00:00+00:00  1284.150513 -3581.75    58.242375  ...         None  demand  /D:/cyrus/gigs/openstef/openstef-poc/dpdc_open...
2025-06-14 06:00:00+00:00  1219.758789 -3580.75    41.866606  ...         None  demand  /D:/cyrus/gigs/openstef/openstef-poc/dpdc_open...
2025-06-14 07:00:00+00:00  1136.096191 -3579.75    85.318634  ...         None  demand  /D:/cyrus/gigs/openstef/openstef-poc/dpdc_open...
2025-06-14 08:00:00+00:00  1091.801392 -3578.75    65.545463  ...         None  demand  /D:/cyrus/gigs/openstef/openstef-poc/dpdc_open...
2025-06-14 09:00:00+00:00  1047.736572 -3577.75  1149.674692  ...         None  demand  /D:/cyrus/gigs/openstef/openstef-poc/dpdc_open...
...                                ...      ...          ...  ...          ...     ...                                                ...
2025-09-29 19:00:00+00:00  1846.911377  -999.75    51.964431  ...         None  demand  /D:/cyrus/gigs/openstef/openstef-poc/dpdc_open...
2025-09-29 20:00:00+00:00  1809.678589  -998.75    48.758637  ...         None  demand  /D:/cyrus/gigs/openstef/openstef-poc/dpdc_open...
2025-09-29 21:00:00+00:00  1793.781982  -997.75    53.467300  ...         None  demand  /D:/cyrus/gigs/openstef/openstef-poc/dpdc_open...
2025-09-29 22:00:00+00:00  1782.980469  -996.75    47.645657  ...         None  demand  /D:/cyrus/gigs/openstef/openstef-poc/dpdc_open...
2025-09-29 23:00:00+00:00  1768.987671  -995.75    42.940213  ...         None  demand  /D:/cyrus/gigs/openstef/openstef-poc/dpdc_open...

[2587 rows x 11 columns]
2025-11-10 16:47:17,312 - routes.forecast - INFO - Forecast completed successfully for model: after_refact_01
2025-11-10 16:56:40,721 - utils.logger - INFO - Logging configured with level: INFO
2025-11-10 16:56:40,721 - utils.logger - INFO - Logging to file: logs/app.log
2025-11-10 16:56:49,061 - routes.forecast - INFO - Forecast request - Model: after_refact_01, Date: 2025-06-14, Hour: 5
2025-11-10 16:56:49,255 - services.model_service - INFO - Test data starting hour: DatetimeIndex(['2025-06-14 05:00:00+00:00'], dtype='datetime64[ns, UTC]', name='date_time', freq=None)
2025-11-10 16:56:49,255 - services.model_service - INFO - Test data ending hour: DatetimeIndex(['2025-06-15 04:00:00+00:00'], dtype='datetime64[ns, UTC]', name='date_time', freq=None)
2025-11-10 16:56:52,858 - services.model_service - INFO - Forecast results:
                              forecast  tAhead        stdev  ...  description    type                                            algtype
date_time                                                    ...                                                                        
2025-06-14 05:00:00+00:00  1284.150513 -3582.0    58.242375  ...         None  demand  /D:/cyrus/gigs/openstef/openstef-poc/dpdc_open...
2025-06-14 06:00:00+00:00  1219.758789 -3581.0    41.866606  ...         None  demand  /D:/cyrus/gigs/openstef/openstef-poc/dpdc_open...
2025-06-14 07:00:00+00:00  1136.096191 -3580.0    85.318634  ...         None  demand  /D:/cyrus/gigs/openstef/openstef-poc/dpdc_open...
2025-06-14 08:00:00+00:00  1091.801392 -3579.0    65.545463  ...         None  demand  /D:/cyrus/gigs/openstef/openstef-poc/dpdc_open...
2025-06-14 09:00:00+00:00  1047.736572 -3578.0  1149.674692  ...         None  demand  /D:/cyrus/gigs/openstef/openstef-poc/dpdc_open...
...                                ...     ...          ...  ...          ...     ...                                                ...
2025-09-29 19:00:00+00:00  1846.911377 -1000.0    51.964431  ...         None  demand  /D:/cyrus/gigs/openstef/openstef-poc/dpdc_open...
2025-09-29 20:00:00+00:00  1809.678589  -999.0    48.758637  ...         None  demand  /D:/cyrus/gigs/openstef/openstef-poc/dpdc_open...
2025-09-29 21:00:00+00:00  1793.781982  -998.0    53.467300  ...         None  demand  /D:/cyrus/gigs/openstef/openstef-poc/dpdc_open...
2025-09-29 22:00:00+00:00  1782.980469  -997.0    47.645657  ...         None  demand  /D:/cyrus/gigs/openstef/openstef-poc/dpdc_open...
2025-09-29 23:00:00+00:00  1768.987671  -996.0    42.940213  ...         None  demand  /D:/cyrus/gigs/openstef/openstef-poc/dpdc_open...

[2587 rows x 11 columns]
2025-11-10 16:58:20,516 - utils.logger - INFO - Logging configured with level: INFO
2025-11-10 16:58:20,516 - utils.logger - INFO - Logging to file: logs/app.log
2025-11-10 16:58:28,792 - routes.forecast - INFO - Forecast request - Model: after_refact_01, Date: 2025-06-14, Hour: 5
2025-11-10 16:58:29,079 - services.model_service - INFO - Test data starting hour: DatetimeIndex(['2025-06-14 05:00:00+00:00'], dtype='datetime64[ns, UTC]', name='date_time', freq=None)
2025-11-10 16:58:29,079 - services.model_service - INFO - Test data ending hour: DatetimeIndex(['2025-06-15 04:00:00+00:00'], dtype='datetime64[ns, UTC]', name='date_time', freq=None)
2025-11-10 16:58:32,029 - services.model_service - INFO - Forecast results:
                              forecast  tAhead        stdev  ...  description    type                                            algtype
date_time                                                    ...                                                                        
2025-06-14 05:00:00+00:00  1284.150513 -3582.0    58.242375  ...         None  demand  /D:/cyrus/gigs/openstef/openstef-poc/dpdc_open...
2025-06-14 06:00:00+00:00  1219.758789 -3581.0    41.866606  ...         None  demand  /D:/cyrus/gigs/openstef/openstef-poc/dpdc_open...
2025-06-14 07:00:00+00:00  1136.096191 -3580.0    85.318634  ...         None  demand  /D:/cyrus/gigs/openstef/openstef-poc/dpdc_open...
2025-06-14 08:00:00+00:00  1091.801392 -3579.0    65.545463  ...         None  demand  /D:/cyrus/gigs/openstef/openstef-poc/dpdc_open...
2025-06-14 09:00:00+00:00  1047.736572 -3578.0  1149.674692  ...         None  demand  /D:/cyrus/gigs/openstef/openstef-poc/dpdc_open...
...                                ...     ...          ...  ...          ...     ...                                                ...
2025-09-29 19:00:00+00:00  1846.911377 -1000.0    51.964431  ...         None  demand  /D:/cyrus/gigs/openstef/openstef-poc/dpdc_open...
2025-09-29 20:00:00+00:00  1809.678589  -999.0    48.758637  ...         None  demand  /D:/cyrus/gigs/openstef/openstef-poc/dpdc_open...
2025-09-29 21:00:00+00:00  1793.781982  -998.0    53.467300  ...         None  demand  /D:/cyrus/gigs/openstef/openstef-poc/dpdc_open...
2025-09-29 22:00:00+00:00  1782.980469  -997.0    47.645657  ...         None  demand  /D:/cyrus/gigs/openstef/openstef-poc/dpdc_open...
2025-09-29 23:00:00+00:00  1768.987671  -996.0    42.940213  ...         None  demand  /D:/cyrus/gigs/openstef/openstef-poc/dpdc_open...

[2587 rows x 11 columns]
2025-11-10 16:58:32,030 - services.model_service - INFO - Returning forecast result: {'timestamp': '2025-06-14T05:00:00+00:00', 'forecast': 1284.1505126953125, 'custom_name': 'after_refact_01'}
2025-11-10 16:58:32,030 - routes.forecast - INFO - Forecast completed successfully for model: after_refact_01
2025-11-10 16:58:48,617 - routes.forecast - INFO - Forecast request - Model: after_refact_01, Date: 2025-06-14, Hour: 5
2025-11-10 16:58:48,807 - services.model_service - INFO - Test data starting hour: DatetimeIndex(['2025-06-14 05:00:00+00:00'], dtype='datetime64[ns, UTC]', name='date_time', freq=None)
2025-11-10 16:58:48,809 - services.model_service - INFO - Test data ending hour: DatetimeIndex(['2025-06-15 04:00:00+00:00'], dtype='datetime64[ns, UTC]', name='date_time', freq=None)
2025-11-10 16:58:51,682 - services.model_service - INFO - Forecast results:
                              forecast  tAhead        stdev  ...  description    type                                            algtype
date_time                                                    ...                                                                        
2025-06-14 05:00:00+00:00  1284.150513 -3582.0    58.242375  ...         None  demand  /D:/cyrus/gigs/openstef/openstef-poc/dpdc_open...
2025-06-14 06:00:00+00:00  1219.758789 -3581.0    41.866606  ...         None  demand  /D:/cyrus/gigs/openstef/openstef-poc/dpdc_open...
2025-06-14 07:00:00+00:00  1136.096191 -3580.0    85.318634  ...         None  demand  /D:/cyrus/gigs/openstef/openstef-poc/dpdc_open...
2025-06-14 08:00:00+00:00  1091.801392 -3579.0    65.545463  ...         None  demand  /D:/cyrus/gigs/openstef/openstef-poc/dpdc_open...
2025-06-14 09:00:00+00:00  1047.736572 -3578.0  1149.674692  ...         None  demand  /D:/cyrus/gigs/openstef/openstef-poc/dpdc_open...
...                                ...     ...          ...  ...          ...     ...                                                ...
2025-09-29 19:00:00+00:00  1846.911377 -1000.0    51.964431  ...         None  demand  /D:/cyrus/gigs/openstef/openstef-poc/dpdc_open...
2025-09-29 20:00:00+00:00  1809.678589  -999.0    48.758637  ...         None  demand  /D:/cyrus/gigs/openstef/openstef-poc/dpdc_open...
2025-09-29 21:00:00+00:00  1793.781982  -998.0    53.467300  ...         None  demand  /D:/cyrus/gigs/openstef/openstef-poc/dpdc_open...
2025-09-29 22:00:00+00:00  1782.980469  -997.0    47.645657  ...         None  demand  /D:/cyrus/gigs/openstef/openstef-poc/dpdc_open...
2025-09-29 23:00:00+00:00  1768.987671  -996.0    42.940213  ...         None  demand  /D:/cyrus/gigs/openstef/openstef-poc/dpdc_open...

[2587 rows x 11 columns]
2025-11-10 16:58:51,684 - services.model_service - INFO - Returning forecast result: {'timestamp': '2025-06-14T05:00:00+00:00', 'forecast': 1284.1505126953125, 'custom_name': 'after_refact_01'}
2025-11-10 16:58:51,685 - routes.forecast - INFO - Forecast completed successfully for model: after_refact_01
2025-11-10 16:59:22,301 - routes.forecast - INFO - Forecast request - Model: after_refact_01, Date: 2025-06-14, Hour: 5
2025-11-10 16:59:22,475 - services.model_service - INFO - Test data starting hour: DatetimeIndex(['2025-06-14 05:00:00+00:00'], dtype='datetime64[ns, UTC]', name='date_time', freq=None)
2025-11-10 16:59:22,475 - services.model_service - INFO - Test data ending hour: DatetimeIndex(['2025-06-15 04:00:00+00:00'], dtype='datetime64[ns, UTC]', name='date_time', freq=None)
2025-11-10 16:59:25,989 - services.model_service - INFO - Forecast results:
                              forecast  tAhead        stdev  ...  description    type                                            algtype
date_time                                                    ...                                                                        
2025-06-14 05:00:00+00:00  1284.150513 -3582.0    58.242375  ...         None  demand  /D:/cyrus/gigs/openstef/openstef-poc/dpdc_open...
2025-06-14 06:00:00+00:00  1219.758789 -3581.0    41.866606  ...         None  demand  /D:/cyrus/gigs/openstef/openstef-poc/dpdc_open...
2025-06-14 07:00:00+00:00  1136.096191 -3580.0    85.318634  ...         None  demand  /D:/cyrus/gigs/openstef/openstef-poc/dpdc_open...
2025-06-14 08:00:00+00:00  1091.801392 -3579.0    65.545463  ...         None  demand  /D:/cyrus/gigs/openstef/openstef-poc/dpdc_open...
2025-06-14 09:00:00+00:00  1047.736572 -3578.0  1149.674692  ...         None  demand  /D:/cyrus/gigs/openstef/openstef-poc/dpdc_open...
...                                ...     ...          ...  ...          ...     ...                                                ...
2025-09-29 19:00:00+00:00  1846.911377 -1000.0    51.964431  ...         None  demand  /D:/cyrus/gigs/openstef/openstef-poc/dpdc_open...
2025-09-29 20:00:00+00:00  1809.678589  -999.0    48.758637  ...         None  demand  /D:/cyrus/gigs/openstef/openstef-poc/dpdc_open...
2025-09-29 21:00:00+00:00  1793.781982  -998.0    53.467300  ...         None  demand  /D:/cyrus/gigs/openstef/openstef-poc/dpdc_open...
2025-09-29 22:00:00+00:00  1782.980469  -997.0    47.645657  ...         None  demand  /D:/cyrus/gigs/openstef/openstef-poc/dpdc_open...
2025-09-29 23:00:00+00:00  1768.987671  -996.0    42.940213  ...         None  demand  /D:/cyrus/gigs/openstef/openstef-poc/dpdc_open...

[2587 rows x 11 columns]
2025-11-10 16:59:25,989 - services.model_service - INFO - Returning forecast result: {'timestamp': '2025-06-14T05:00:00+00:00', 'forecast': 1284.1505126953125, 'custom_name': 'after_refact_01'}
2025-11-10 16:59:25,991 - routes.forecast - INFO - Forecast completed successfully for model: after_refact_01
2025-11-10 16:59:33,069 - routes.forecast - INFO - Forecast request - Model: after_refact_01, Date: 2025-06-14, Hour: 5
2025-11-10 16:59:33,288 - services.model_service - INFO - Test data starting hour: DatetimeIndex(['2025-06-14 05:00:00+00:00'], dtype='datetime64[ns, UTC]', name='date_time', freq=None)
2025-11-10 16:59:33,288 - services.model_service - INFO - Test data ending hour: DatetimeIndex(['2025-06-15 04:00:00+00:00'], dtype='datetime64[ns, UTC]', name='date_time', freq=None)
2025-11-10 16:59:36,016 - services.model_service - INFO - Forecast results:
                              forecast  tAhead        stdev  ...  description    type                                            algtype
date_time                                                    ...                                                                        
2025-06-14 05:00:00+00:00  1284.150513 -3582.0    58.242375  ...         None  demand  /D:/cyrus/gigs/openstef/openstef-poc/dpdc_open...
2025-06-14 06:00:00+00:00  1219.758789 -3581.0    41.866606  ...         None  demand  /D:/cyrus/gigs/openstef/openstef-poc/dpdc_open...
2025-06-14 07:00:00+00:00  1136.096191 -3580.0    85.318634  ...         None  demand  /D:/cyrus/gigs/openstef/openstef-poc/dpdc_open...
2025-06-14 08:00:00+00:00  1091.801392 -3579.0    65.545463  ...         None  demand  /D:/cyrus/gigs/openstef/openstef-poc/dpdc_open...
2025-06-14 09:00:00+00:00  1047.736572 -3578.0  1149.674692  ...         None  demand  /D:/cyrus/gigs/openstef/openstef-poc/dpdc_open...
...                                ...     ...          ...  ...          ...     ...                                                ...
2025-09-29 19:00:00+00:00  1846.911377 -1000.0    51.964431  ...         None  demand  /D:/cyrus/gigs/openstef/openstef-poc/dpdc_open...
2025-09-29 20:00:00+00:00  1809.678589  -999.0    48.758637  ...         None  demand  /D:/cyrus/gigs/openstef/openstef-poc/dpdc_open...
2025-09-29 21:00:00+00:00  1793.781982  -998.0    53.467300  ...         None  demand  /D:/cyrus/gigs/openstef/openstef-poc/dpdc_open...
2025-09-29 22:00:00+00:00  1782.980469  -997.0    47.645657  ...         None  demand  /D:/cyrus/gigs/openstef/openstef-poc/dpdc_open...
2025-09-29 23:00:00+00:00  1768.987671  -996.0    42.940213  ...         None  demand  /D:/cyrus/gigs/openstef/openstef-poc/dpdc_open...

[2587 rows x 11 columns]
2025-11-10 16:59:36,017 - services.model_service - INFO - Returning forecast result: {'timestamp': '2025-06-14T05:00:00+00:00', 'forecast': 1284.1505126953125, 'custom_name': 'after_refact_01'}
2025-11-10 16:59:36,018 - routes.forecast - INFO - Forecast completed successfully for model: after_refact_01
2025-11-10 17:03:16,697 - utils.logger - INFO - Logging configured with level: INFO
2025-11-10 17:03:16,697 - utils.logger - INFO - Logging to file: logs/app.log
2025-11-10 17:03:26,340 - routes.forecast - INFO - Forecast request - Model: after_refact_01, Date: 2025-06-14, Hour: 5
2025-11-10 17:03:26,604 - services.model_service - INFO - Test data starting hour: DatetimeIndex(['2025-06-14 05:00:00+00:00'], dtype='datetime64[ns, UTC]', name='date_time', freq=None)
2025-11-10 17:03:26,604 - services.model_service - INFO - Test data ending hour: DatetimeIndex(['2025-06-15 04:00:00+00:00'], dtype='datetime64[ns, UTC]', name='date_time', freq=None)
2025-11-10 17:03:29,513 - services.model_service - INFO - Forecast results:
                              forecast  tAhead        stdev  ...  description    type                                            algtype
date_time                                                    ...                                                                        
2025-06-14 05:00:00+00:00  1284.150513 -3582.0    58.242375  ...         None  demand  /D:/cyrus/gigs/openstef/openstef-poc/dpdc_open...
2025-06-14 06:00:00+00:00  1219.758789 -3581.0    41.866606  ...         None  demand  /D:/cyrus/gigs/openstef/openstef-poc/dpdc_open...
2025-06-14 07:00:00+00:00  1136.096191 -3580.0    85.318634  ...         None  demand  /D:/cyrus/gigs/openstef/openstef-poc/dpdc_open...
2025-06-14 08:00:00+00:00  1091.801392 -3579.0    65.545463  ...         None  demand  /D:/cyrus/gigs/openstef/openstef-poc/dpdc_open...
2025-06-14 09:00:00+00:00  1047.736572 -3578.0  1149.674692  ...         None  demand  /D:/cyrus/gigs/openstef/openstef-poc/dpdc_open...
...                                ...     ...          ...  ...          ...     ...                                                ...
2025-09-29 19:00:00+00:00  1846.911377 -1000.0    51.964431  ...         None  demand  /D:/cyrus/gigs/openstef/openstef-poc/dpdc_open...
2025-09-29 20:00:00+00:00  1809.678589  -999.0    48.758637  ...         None  demand  /D:/cyrus/gigs/openstef/openstef-poc/dpdc_open...
2025-09-29 21:00:00+00:00  1793.781982  -998.0    53.467300  ...         None  demand  /D:/cyrus/gigs/openstef/openstef-poc/dpdc_open...
2025-09-29 22:00:00+00:00  1782.980469  -997.0    47.645657  ...         None  demand  /D:/cyrus/gigs/openstef/openstef-poc/dpdc_open...
2025-09-29 23:00:00+00:00  1768.987671  -996.0    42.940213  ...         None  demand  /D:/cyrus/gigs/openstef/openstef-poc/dpdc_open...

[2587 rows x 11 columns]
2025-11-10 17:03:29,513 - services.model_service - INFO - Returning forecast result: {'timestamp': '2025-06-14T05:00:00+00:00', 'forecast': 1284.1505126953125, 'custom_name': 'after_refact_01'}
2025-11-10 17:03:29,513 - routes.forecast - INFO - Forecast completed successfully for model: after_refact_01
2025-11-10 17:04:35,779 - utils.logger - INFO - Logging configured with level: INFO
2025-11-10 17:04:35,779 - utils.logger - INFO - Logging to file: logs/app.log
2025-11-10 17:04:51,356 - routes.forecast - INFO - Forecast request - Model: after_refact_01, Date: 2025-06-14, Hour: 5
2025-11-10 17:04:51,563 - services.model_service - INFO - Test data starting hour: DatetimeIndex(['2025-06-14 05:00:00+00:00'], dtype='datetime64[ns, UTC]', name='date_time', freq=None)
2025-11-10 17:04:51,563 - services.model_service - INFO - Test data ending hour: DatetimeIndex(['2025-06-15 04:00:00+00:00'], dtype='datetime64[ns, UTC]', name='date_time', freq=None)
2025-11-10 17:04:54,450 - services.model_service - INFO - Forecast results:
                              forecast  tAhead        stdev  ...  description    type                                            algtype
date_time                                                    ...                                                                        
2025-06-14 05:00:00+00:00  1284.150513 -3582.0    58.242375  ...         None  demand  /D:/cyrus/gigs/openstef/openstef-poc/dpdc_open...
2025-06-14 06:00:00+00:00  1219.758789 -3581.0    41.866606  ...         None  demand  /D:/cyrus/gigs/openstef/openstef-poc/dpdc_open...
2025-06-14 07:00:00+00:00  1136.096191 -3580.0    85.318634  ...         None  demand  /D:/cyrus/gigs/openstef/openstef-poc/dpdc_open...
2025-06-14 08:00:00+00:00  1091.801392 -3579.0    65.545463  ...         None  demand  /D:/cyrus/gigs/openstef/openstef-poc/dpdc_open...
2025-06-14 09:00:00+00:00  1047.736572 -3578.0  1149.674692  ...         None  demand  /D:/cyrus/gigs/openstef/openstef-poc/dpdc_open...
...                                ...     ...          ...  ...          ...     ...                                                ...
2025-09-29 19:00:00+00:00  1846.911377 -1000.0    51.964431  ...         None  demand  /D:/cyrus/gigs/openstef/openstef-poc/dpdc_open...
2025-09-29 20:00:00+00:00  1809.678589  -999.0    48.758637  ...         None  demand  /D:/cyrus/gigs/openstef/openstef-poc/dpdc_open...
2025-09-29 21:00:00+00:00  1793.781982  -998.0    53.467300  ...         None  demand  /D:/cyrus/gigs/openstef/openstef-poc/dpdc_open...
2025-09-29 22:00:00+00:00  1782.980469  -997.0    47.645657  ...         None  demand  /D:/cyrus/gigs/openstef/openstef-poc/dpdc_open...
2025-09-29 23:00:00+00:00  1768.987671  -996.0    42.940213  ...         None  demand  /D:/cyrus/gigs/openstef/openstef-poc/dpdc_open...

[2587 rows x 11 columns]
2025-11-10 17:04:54,452 - services.model_service - INFO - Returning forecast result: {'timestamp': '2025-06-14T05:00:00+00:00', 'forecast': 1284.1505126953125, 'custom_name': 'after_refact_01'}
2025-11-10 17:04:54,452 - routes.forecast - INFO - Forecast completed successfully for model: after_refact_01
2025-11-10 17:05:53,884 - routes.forecast - INFO - Forecast request - Model: after_refact_01, Date: 2025-06-14, Hour: 5
2025-11-10 17:05:54,114 - services.model_service - INFO - Test data starting hour: DatetimeIndex(['2025-06-14 05:00:00+00:00'], dtype='datetime64[ns, UTC]', name='date_time', freq=None)
2025-11-10 17:05:54,114 - services.model_service - INFO - Test data ending hour: DatetimeIndex(['2025-06-15 04:00:00+00:00'], dtype='datetime64[ns, UTC]', name='date_time', freq=None)
2025-11-10 17:05:57,248 - services.model_service - INFO - Forecast results:
                              forecast  ...                                            algtype
date_time                               ...                                                   
2025-06-14 05:00:00+00:00  1284.150513  ...  /D:/cyrus/gigs/openstef/openstef-poc/dpdc_open...
2025-06-14 06:00:00+00:00  1219.758789  ...  /D:/cyrus/gigs/openstef/openstef-poc/dpdc_open...
2025-06-14 07:00:00+00:00  1136.096191  ...  /D:/cyrus/gigs/openstef/openstef-poc/dpdc_open...
2025-06-14 08:00:00+00:00  1091.801392  ...  /D:/cyrus/gigs/openstef/openstef-poc/dpdc_open...
2025-06-14 09:00:00+00:00  1047.736572  ...  /D:/cyrus/gigs/openstef/openstef-poc/dpdc_open...
...                                ...  ...                                                ...
2025-09-29 19:00:00+00:00  1846.911377  ...  /D:/cyrus/gigs/openstef/openstef-poc/dpdc_open...
2025-09-29 20:00:00+00:00  1809.678589  ...  /D:/cyrus/gigs/openstef/openstef-poc/dpdc_open...
2025-09-29 21:00:00+00:00  1793.781982  ...  /D:/cyrus/gigs/openstef/openstef-poc/dpdc_open...
2025-09-29 22:00:00+00:00  1782.980469  ...  /D:/cyrus/gigs/openstef/openstef-poc/dpdc_open...
2025-09-29 23:00:00+00:00  1768.987671  ...  /D:/cyrus/gigs/openstef/openstef-poc/dpdc_open...

[2587 rows x 11 columns]
2025-11-10 17:05:57,248 - services.model_service - INFO - Returning forecast result: {'timestamp': '2025-06-14T05:00:00+00:00', 'forecast': 1284.1505126953125, 'custom_name': 'after_refact_01'}
2025-11-10 17:05:57,248 - routes.forecast - INFO - Forecast completed successfully for model: after_refact_01
2025-11-10 17:07:34,081 - routes.forecast - INFO - Forecast request - Model: after_refact_01, Date: 2025-06-14, Hour: 5
2025-11-10 17:07:34,256 - services.model_service - INFO - Test data starting hour: DatetimeIndex(['2025-06-14 05:00:00+00:00'], dtype='datetime64[ns, UTC]', name='date_time', freq=None)
2025-11-10 17:07:34,256 - services.model_service - INFO - Test data ending hour: DatetimeIndex(['2025-06-15 04:00:00+00:00'], dtype='datetime64[ns, UTC]', name='date_time', freq=None)
2025-11-10 17:07:37,168 - services.model_service - INFO - Forecast results:
                              forecast  ...                                            algtype
date_time                               ...                                                   
2025-06-14 05:00:00+00:00  1284.150513  ...  /D:/cyrus/gigs/openstef/openstef-poc/dpdc_open...
2025-06-14 06:00:00+00:00  1219.758789  ...  /D:/cyrus/gigs/openstef/openstef-poc/dpdc_open...
2025-06-14 07:00:00+00:00  1136.096191  ...  /D:/cyrus/gigs/openstef/openstef-poc/dpdc_open...
2025-06-14 08:00:00+00:00  1091.801392  ...  /D:/cyrus/gigs/openstef/openstef-poc/dpdc_open...
2025-06-14 09:00:00+00:00  1047.736572  ...  /D:/cyrus/gigs/openstef/openstef-poc/dpdc_open...
...                                ...  ...                                                ...
2025-09-29 19:00:00+00:00  1846.911377  ...  /D:/cyrus/gigs/openstef/openstef-poc/dpdc_open...
2025-09-29 20:00:00+00:00  1809.678589  ...  /D:/cyrus/gigs/openstef/openstef-poc/dpdc_open...
2025-09-29 21:00:00+00:00  1793.781982  ...  /D:/cyrus/gigs/openstef/openstef-poc/dpdc_open...
2025-09-29 22:00:00+00:00  1782.980469  ...  /D:/cyrus/gigs/openstef/openstef-poc/dpdc_open...
2025-09-29 23:00:00+00:00  1768.987671  ...  /D:/cyrus/gigs/openstef/openstef-poc/dpdc_open...

[2587 rows x 11 columns]
2025-11-10 17:07:37,168 - services.model_service - INFO - Returning forecast result: {'timestamp': '2025-06-14T05:00:00+00:00', 'forecast': 1284.1505126953125, 'custom_name': 'after_refact_01'}
2025-11-10 17:07:37,168 - routes.forecast - INFO - Forecast completed successfully for model: after_refact_01
2025-11-10 17:08:51,934 - routes.forecast - INFO - Forecast request - Model: after_refact_01, Date: 2025-06-15, Hour: 4
2025-11-10 17:08:52,154 - services.model_service - INFO - Test data starting hour: DatetimeIndex(['2025-06-15 04:00:00+00:00'], dtype='datetime64[ns, UTC]', name='date_time', freq=None)
2025-11-10 17:08:52,155 - services.model_service - INFO - Test data ending hour: DatetimeIndex(['2025-06-16 03:00:00+00:00'], dtype='datetime64[ns, UTC]', name='date_time', freq=None)
2025-11-10 17:08:54,962 - services.model_service - INFO - Forecast results:
                              forecast  ...                                            algtype
date_time                               ...                                                   
2025-06-15 04:00:00+00:00  1362.240234  ...  /D:/cyrus/gigs/openstef/openstef-poc/dpdc_open...
2025-06-15 05:00:00+00:00  1341.882812  ...  /D:/cyrus/gigs/openstef/openstef-poc/dpdc_open...
2025-06-15 06:00:00+00:00  1326.505127  ...  /D:/cyrus/gigs/openstef/openstef-poc/dpdc_open...
2025-06-15 07:00:00+00:00  1236.194336  ...  /D:/cyrus/gigs/openstef/openstef-poc/dpdc_open...
2025-06-15 08:00:00+00:00  1172.149048  ...  /D:/cyrus/gigs/openstef/openstef-poc/dpdc_open...
...                                ...  ...                                                ...
2025-09-29 19:00:00+00:00  1846.911377  ...  /D:/cyrus/gigs/openstef/openstef-poc/dpdc_open...
2025-09-29 20:00:00+00:00  1809.678589  ...  /D:/cyrus/gigs/openstef/openstef-poc/dpdc_open...
2025-09-29 21:00:00+00:00  1793.781982  ...  /D:/cyrus/gigs/openstef/openstef-poc/dpdc_open...
2025-09-29 22:00:00+00:00  1782.980469  ...  /D:/cyrus/gigs/openstef/openstef-poc/dpdc_open...
2025-09-29 23:00:00+00:00  1768.987671  ...  /D:/cyrus/gigs/openstef/openstef-poc/dpdc_open...

[2564 rows x 11 columns]
2025-11-10 17:08:54,963 - services.model_service - INFO - Returning forecast result: {'timestamp': '2025-06-15T04:00:00+00:00', 'forecast': 1362.240234375, 'custom_name': 'after_refact_01'}
2025-11-10 17:08:54,965 - routes.forecast - INFO - Forecast completed successfully for model: after_refact_01
2025-11-10 17:09:43,397 - routes.forecast - INFO - Forecast request - Model: after_refact_01, Date: 2025-06-19, Hour: 12
2025-11-10 17:09:43,579 - services.model_service - INFO - Test data starting hour: DatetimeIndex(['2025-06-19 12:00:00+00:00'], dtype='datetime64[ns, UTC]', name='date_time', freq=None)
2025-11-10 17:09:43,580 - services.model_service - INFO - Test data ending hour: DatetimeIndex(['2025-06-20 11:00:00+00:00'], dtype='datetime64[ns, UTC]', name='date_time', freq=None)
2025-11-10 17:09:46,367 - services.model_service - INFO - Forecast results:
                              forecast  ...                                            algtype
date_time                               ...                                                   
2025-06-19 12:00:00+00:00  1151.338867  ...  /D:/cyrus/gigs/openstef/openstef-poc/dpdc_open...
2025-06-19 13:00:00+00:00  1138.806396  ...  /D:/cyrus/gigs/openstef/openstef-poc/dpdc_open...
2025-06-19 14:00:00+00:00  1209.571411  ...  /D:/cyrus/gigs/openstef/openstef-poc/dpdc_open...
2025-06-19 15:00:00+00:00  1451.794800  ...  /D:/cyrus/gigs/openstef/openstef-poc/dpdc_open...
2025-06-19 16:00:00+00:00  1479.285522  ...  /D:/cyrus/gigs/openstef/openstef-poc/dpdc_open...
...                                ...  ...                                                ...
2025-09-29 19:00:00+00:00  1846.911377  ...  /D:/cyrus/gigs/openstef/openstef-poc/dpdc_open...
2025-09-29 20:00:00+00:00  1809.678589  ...  /D:/cyrus/gigs/openstef/openstef-poc/dpdc_open...
2025-09-29 21:00:00+00:00  1793.781982  ...  /D:/cyrus/gigs/openstef/openstef-poc/dpdc_open...
2025-09-29 22:00:00+00:00  1782.980469  ...  /D:/cyrus/gigs/openstef/openstef-poc/dpdc_open...
2025-09-29 23:00:00+00:00  1768.987671  ...  /D:/cyrus/gigs/openstef/openstef-poc/dpdc_open...

[2460 rows x 11 columns]
2025-11-10 17:09:46,368 - services.model_service - INFO - Returning forecast result: {'timestamp': '2025-06-19T12:00:00+00:00', 'forecast': 1151.3388671875, 'custom_name': 'after_refact_01'}
2025-11-10 17:09:46,369 - routes.forecast - INFO - Forecast completed successfully for model: after_refact_01
